[
  {
    "level": "INFO",
    "message": "android.ndkVersion from module build.gradle is [22.1.7171670]"
  },
  {
    "level": "INFO",
    "message": "android.ndkPath from module build.gradle is not set"
  },
  {
    "level": "INFO",
    "message": "ndk.dir in local.properties is /Users/darren/work/software/android-ndk-r18b/ndk-build"
  },
  {
    "level": "INFO",
    "message": "Not considering ANDROID_NDK_HOME because support was removed after deprecation period."
  },
  {
    "level": "INFO",
    "message": "sdkFolder is /Users/darren/Library/Android/sdk"
  }
]